<?xml version="1.0" encoding="UTF-8"?>
<testng-results total="1" passed="1" failed="0" skipped="0">
  <reporter-output>
  </reporter-output>
  <suite started-at="2023-09-29T07:19:54Z" name="Surefire suite" finished-at="2023-09-29T07:19:54Z" duration-ms="20">
    <groups>
    </groups>
    <test started-at="2023-09-29T07:19:54Z" name="Surefire test" finished-at="2023-09-29T07:19:54Z" duration-ms="20">
      <class name="Maven_Testng.Maven_Testng1.AppTest">
        <test-method signature="shouldAnswerWithTrue()" started-at="2023-09-29T14:19:54Z" name="shouldAnswerWithTrue" finished-at="2023-09-29T14:19:54Z" duration-ms="2" status="PASS">
          <reporter-output>
          </reporter-output>
        </test-method> <!-- shouldAnswerWithTrue -->
      </class> <!-- Maven_Testng.Maven_Testng1.AppTest -->
    </test> <!-- Surefire test -->
  </suite> <!-- Surefire suite -->
</testng-results>
